<?xml version="1.0" encoding="UTF-8"?>
<!-- Generated by org.testng.reporters.JUnitReportReporter -->
<testsuite hostname="USXXNIKAMKL4C" name="qaclickacademy.SeleniunTest" tests="2" failures="0" timestamp="18 Aug 2020 21:53:04 GMT" time="0.009" errors="0">
  <testcase name="BrowserAutomation" time="0.009" classname="qaclickacademy.SeleniunTest"/>
  <testcase name="ElementUI" time="0.000" classname="qaclickacademy.SeleniunTest"/>
</testsuite> <!-- qaclickacademy.SeleniunTest -->
