<?xml version="1.0" encoding="UTF-8"?>
<!-- Generated by org.testng.reporters.JUnitReportReporter -->
<testsuite hostname="USXXNIKAMKL4C" name="qaclickacademy.RestAPITest" tests="2" failures="0" timestamp="18 Aug 2020 21:52:21 GMT" time="0.001" errors="0">
  <testcase name="DeleteTwitter" time="0.001" classname="qaclickacademy.RestAPITest"/>
  <testcase name="Postjira" time="0.000" classname="qaclickacademy.RestAPITest"/>
</testsuite> <!-- qaclickacademy.RestAPITest -->
